{"C:\\projects\\jest-tutorial\\getting-started-with-jest\\src\\filterByTerm.js": {"path":"C:\\projects\\jest-tutorial\\getting-started-with-jest\\src\\filterByTerm.js","statementMap":{"0":{"start":{"line":2,"column":4},"end":{"line":2,"column":62}},"1":{"start":{"line":2,"column":20},"end":{"line":2,"column":62}},"2":{"start":{"line":3,"column":4},"end":{"line":3,"column":65}},"3":{"start":{"line":3,"column":25},"end":{"line":3,"column":65}},"4":{"start":{"line":4,"column":18},"end":{"line":4,"column":45}},"5":{"start":{"line":5,"column":4},"end":{"line":7,"column":7}},"6":{"start":{"line":6,"column":8},"end":{"line":6,"column":45}},"7":{"start":{"line":10,"column":0},"end":{"line":10,"column":27}}},"fnMap":{"0":{"name":"filterByT","decl":{"start":{"line":1,"column":9},"end":{"line":1,"column":18}},"loc":{"start":{"line":1,"column":41},"end":{"line":8,"column":1}},"line":1},"1":{"name":"(anonymous_1)","decl":{"start":{"line":5,"column":27},"end":{"line":5,"column":28}},"loc":{"start":{"line":5,"column":49},"end":{"line":7,"column":5}},"line":5}},"branchMap":{"0":{"loc":{"start":{"line":2,"column":4},"end":{"line":2,"column":62}},"type":"if","locations":[{"start":{"line":2,"column":4},"end":{"line":2,"column":62}},{"start":{},"end":{}}],"line":2},"1":{"loc":{"start":{"line":3,"column":4},"end":{"line":3,"column":65}},"type":"if","locations":[{"start":{"line":3,"column":4},"end":{"line":3,"column":65}},{"start":{},"end":{}}],"line":3}},"s":{"0":0,"1":0,"2":0,"3":0,"4":0,"5":0,"6":0,"7":1},"f":{"0":0,"1":0},"b":{"0":[0,0],"1":[0,0]},"_coverageSchema":"1a1c01bbd47fc00a2c39e90264f33305004495a9","hash":"2c7956bbe405a22d854da9c6be6061d49837937e"}
}
